<?xml version="1.0" encoding="UTF-8"?>
<!-- Generated by org.testng.reporters.JUnitReportReporter -->
<testsuite skipped="0" hostname="GGN000190162001" name="Test.HomePage" tests="1" failures="0" timestamp="18 Dec 2019 10:26:24 GMT" time="0.026" errors="0">
  <testcase name="testcase1" time="0.026" classname="Test.HomePage"/>
</testsuite> <!-- Test.HomePage -->
